# JRE version: Java(TM) SE Runtime Environment (18.0.1+10) (build 18.0.1+10-24)
# Java VM: Java HotSpot(TM) 64-Bit Server VM (18.0.1+10-24, mixed mode, sharing, tiered, compressed oops, compressed class ptrs, g1 gc, windows-amd64)
GC Precious Log:
 CardTable entry size: 512
 Card Set container configuration: InlinePtr #cards 4 size 8 Array Of Cards #cards 16 size 48 Howl #buckets 8 coarsen threshold 3686 Howl Bitmap #cards 512 size 80 coarsen threshold 460 Card regions per heap region 1 cards per card region 4096
 CPUs: 8 total, 8 available
 Memory: 12218M
 Large Page Support: Disabled
 NUMA Support: Disabled
 Compressed Oops: Enabled (Zero based)
 Heap Region Size: 2M
 Heap Min Capacity: 8M
 Heap Initial Capacity: 192M
 Heap Max Capacity: 3056M
 Pre-touch: Disabled
 Parallel Workers: 8
 Concurrent Workers: 2
 Concurrent Refinement Workers: 8
 Periodic GC: Disabled
Heap:
 garbage-first heap   total 491520K, used 350191K [0x0000000741000000, 0x0000000800000000)
  region size 2048K, 81 young (165888K), 1 survivors (2048K)
 Metaspace       used 9979K, committed 10176K, reserved 1114112K
  class space    used 927K, committed 1024K, reserved 1048576K
GC Heap History (20 events):
Event: 295.261 GC heap before
{Heap before GC invocations=366 (full 0):
 garbage-first heap   total 491520K, used 438229K [0x0000000741000000, 0x0000000800000000)
  region size 2048K, 123 young (251904K), 1 survivors (2048K)
 Metaspace       used 9977K, committed 10176K, reserved 1114112K
  class space    used 927K, committed 1024K, reserved 1048576K
}
Event: 295.262 GC heap after
{Heap after GC invocations=367 (full 0):
 garbage-first heap   total 491520K, used 188371K [0x0000000741000000, 0x0000000800000000)
  region size 2048K, 1 young (2048K), 1 survivors (2048K)
 Metaspace       used 9977K, committed 10176K, reserved 1114112K
  class space    used 927K, committed 1024K, reserved 1048576K
}
Event: 296.181 GC heap before
{Heap before GC invocations=367 (full 0):
 garbage-first heap   total 491520K, used 438227K [0x0000000741000000, 0x0000000800000000)
  region size 2048K, 123 young (251904K), 1 survivors (2048K)
 Metaspace       used 9977K, committed 10176K, reserved 1114112K
  class space    used 927K, committed 1024K, reserved 1048576K
}
Event: 296.181 GC heap after
{Heap after GC invocations=368 (full 0):
 garbage-first heap   total 491520K, used 188374K [0x0000000741000000, 0x0000000800000000)
  region size 2048K, 1 young (2048K), 1 survivors (2048K)
 Metaspace       used 9977K, committed 10176K, reserved 1114112K
  class space    used 927K, committed 1024K, reserved 1048576K
}
Event: 297.116 GC heap before
{Heap before GC invocations=368 (full 0):
 garbage-first heap   total 491520K, used 438230K [0x0000000741000000, 0x0000000800000000)
  region size 2048K, 123 young (251904K), 1 survivors (2048K)
 Metaspace       used 9977K, committed 10176K, reserved 1114112K
  class space    used 927K, committed 1024K, reserved 1048576K
}
Event: 297.117 GC heap after
{Heap after GC invocations=369 (full 0):
 garbage-first heap   total 491520K, used 188370K [0x0000000741000000, 0x0000000800000000)
  region size 2048K, 1 young (2048K), 1 survivors (2048K)
 Metaspace       used 9977K, committed 10176K, reserved 1114112K
  class space    used 927K, committed 1024K, reserved 1048576K
}
Event: 298.194 GC heap before
{Heap before GC invocations=369 (full 0):
 garbage-first heap   total 491520K, used 438226K [0x0000000741000000, 0x0000000800000000)
  region size 2048K, 123 young (251904K), 1 survivors (2048K)
 Metaspace       used 9977K, committed 10176K, reserved 1114112K
  class space    used 927K, committed 1024K, reserved 1048576K
}
Event: 298.195 GC heap after
{Heap after GC invocations=370 (full 0):
 garbage-first heap   total 491520K, used 188374K [0x0000000741000000, 0x0000000800000000)
  region size 2048K, 1 young (2048K), 1 survivors (2048K)
 Metaspace       used 9977K, committed 10176K, reserved 1114112K
  class space    used 927K, committed 1024K, reserved 1048576K
}
Event: 299.308 GC heap before
{Heap before GC invocations=370 (full 0):
 garbage-first heap   total 491520K, used 438230K [0x0000000741000000, 0x0000000800000000)
  region size 2048K, 123 young (251904K), 1 survivors (2048K)
 Metaspace       used 9977K, committed 10176K, reserved 1114112K
  class space    used 927K, committed 1024K, reserved 1048576K
}
Event: 299.309 GC heap after
{Heap after GC invocations=371 (full 0):
 garbage-first heap   total 491520K, used 188378K [0x0000000741000000, 0x0000000800000000)
  region size 2048K, 1 young (2048K), 1 survivors (2048K)
 Metaspace       used 9977K, committed 10176K, reserved 1114112K
  class space    used 927K, committed 1024K, reserved 1048576K
}
Event: 300.201 GC heap before
{Heap before GC invocations=371 (full 0):
 garbage-first heap   total 491520K, used 438234K [0x0000000741000000, 0x0000000800000000)
  region size 2048K, 123 young (251904K), 1 survivors (2048K)
 Metaspace       used 9977K, committed 10176K, reserved 1114112K
  class space    used 927K, committed 1024K, reserved 1048576K
}
Event: 300.202 GC heap after
{Heap after GC invocations=372 (full 0):
 garbage-first heap   total 491520K, used 188366K [0x0000000741000000, 0x0000000800000000)
  region size 2048K, 1 young (2048K), 1 survivors (2048K)
 Metaspace       used 9977K, committed 10176K, reserved 1114112K
  class space    used 927K, committed 1024K, reserved 1048576K
}
Event: 301.075 GC heap before
{Heap before GC invocations=372 (full 0):
 garbage-first heap   total 491520K, used 438222K [0x0000000741000000, 0x0000000800000000)
  region size 2048K, 123 young (251904K), 1 survivors (2048K)
 Metaspace       used 9977K, committed 10176K, reserved 1114112K
  class space    used 927K, committed 1024K, reserved 1048576K
}
Event: 301.075 GC heap after
{Heap after GC invocations=373 (full 0):
 garbage-first heap   total 491520K, used 188373K [0x0000000741000000, 0x0000000800000000)
  region size 2048K, 1 young (2048K), 1 survivors (2048K)
 Metaspace       used 9977K, committed 10176K, reserved 1114112K
  class space    used 927K, committed 1024K, reserved 1048576K
}
Event: 301.951 GC heap before
{Heap before GC invocations=373 (full 0):
 garbage-first heap   total 491520K, used 438229K [0x0000000741000000, 0x0000000800000000)
  region size 2048K, 123 young (251904K), 1 survivors (2048K)
 Metaspace       used 9977K, committed 10176K, reserved 1114112K
  class space    used 927K, committed 1024K, reserved 1048576K
}
Event: 301.952 GC heap after
{Heap after GC invocations=374 (full 0):
 garbage-first heap   total 491520K, used 188370K [0x0000000741000000, 0x0000000800000000)
  region size 2048K, 1 young (2048K), 1 survivors (2048K)
 Metaspace       used 9977K, committed 10176K, reserved 1114112K
  class space    used 927K, committed 1024K, reserved 1048576K
}
Event: 302.826 GC heap before
{Heap before GC invocations=374 (full 0):
 garbage-first heap   total 491520K, used 438226K [0x0000000741000000, 0x0000000800000000)
  region size 2048K, 123 young (251904K), 1 survivors (2048K)
 Metaspace       used 9977K, committed 10176K, reserved 1114112K
  class space    used 927K, committed 1024K, reserved 1048576K
}
Event: 302.826 GC heap after
{Heap after GC invocations=375 (full 0):
 garbage-first heap   total 491520K, used 188370K [0x0000000741000000, 0x0000000800000000)
  region size 2048K, 1 young (2048K), 1 survivors (2048K)
 Metaspace       used 9977K, committed 10176K, reserved 1114112K
  class space    used 927K, committed 1024K, reserved 1048576K
}
Event: 303.709 GC heap before
{Heap before GC invocations=375 (full 0):
 garbage-first heap   total 491520K, used 438226K [0x0000000741000000, 0x0000000800000000)
  region size 2048K, 123 young (251904K), 1 survivors (2048K)
 Metaspace       used 9977K, committed 10176K, reserved 1114112K
  class space    used 927K, committed 1024K, reserved 1048576K
}
Event: 303.710 GC heap after
{Heap after GC invocations=376 (full 0):
 garbage-first heap   total 491520K, used 188399K [0x0000000741000000, 0x0000000800000000)
  region size 2048K, 1 young (2048K), 1 survivors (2048K)
 Metaspace       used 9977K, committed 10176K, reserved 1114112K
  class space    used 927K, committed 1024K, reserved 1048576K
}

